<?xml version="1.0" encoding="UTF-8"?>
<!-- Generated by org.testng.reporters.JUnitXMLReporter -->
<testsuite ignored="14" hostname="LAPTOP-LP00NI2V" failures="0" tests="7" name="Test" time="0.078" errors="0" timestamp="2022-07-30T00:34:01 IST">
  <testcase classname="com.payroll.BaseClass.BaseClass" name="@BeforeMethod first" time="-1.659121441058E9">
    <failure type="org.testng.TestNGException" message="
Parameter &amp;apos;browser&amp;apos; is required by BeforeMethod on method first but has not been marked @Optional or defined
in C:\Users\renph\git\PayRoll\PayRoll\Regression.xml">
      <![CDATA[org.testng.TestNGException: 
Parameter 'browser' is required by BeforeMethod on method first but has not been marked @Optional or defined
in C:\Users\renph\git\PayRoll\PayRoll\Regression.xml
at java.base/java.util.ArrayList.forEach(ArrayList.java:1511)
... Removed 28 stack frames]]>
    </failure>
  </testcase> <!-- @BeforeMethod first -->
  <testcase classname="com.payroll.BaseClass.BaseClass" name="@AfterMethod close" time="0.0">
    <skipped/>
  </testcase> <!-- @AfterMethod close -->
  <testcase classname="com.payroll.BaseClass.BaseClass" name="@BeforeMethod first" time="0.0">
    <skipped/>
  </testcase> <!-- @BeforeMethod first -->
  <testcase classname="com.payroll.BaseClass.BaseClass" name="@AfterMethod close" time="0.0">
    <skipped/>
  </testcase> <!-- @AfterMethod close -->
  <testcase classname="com.payroll.BaseClass.BaseClass" name="@BeforeMethod first" time="-1.65912144108E9">
    <failure type="org.testng.TestNGException" message="
Parameter &amp;apos;browser&amp;apos; is required by BeforeMethod on method first but has not been marked @Optional or defined
in C:\Users\renph\git\PayRoll\PayRoll\Regression.xml">
      <![CDATA[org.testng.TestNGException: 
Parameter 'browser' is required by BeforeMethod on method first but has not been marked @Optional or defined
in C:\Users\renph\git\PayRoll\PayRoll\Regression.xml
at java.base/java.util.ArrayList.forEach(ArrayList.java:1511)
... Removed 28 stack frames]]>
    </failure>
  </testcase> <!-- @BeforeMethod first -->
  <testcase classname="com.payroll.BaseClass.BaseClass" name="@AfterMethod close" time="0.0">
    <skipped/>
  </testcase> <!-- @AfterMethod close -->
  <testcase classname="com.payroll.BaseClass.BaseClass" name="@BeforeMethod first" time="-1.659121441084E9">
    <failure type="org.testng.TestNGException" message="
Parameter &amp;apos;browser&amp;apos; is required by BeforeMethod on method first but has not been marked @Optional or defined
in C:\Users\renph\git\PayRoll\PayRoll\Regression.xml">
      <![CDATA[org.testng.TestNGException: 
Parameter 'browser' is required by BeforeMethod on method first but has not been marked @Optional or defined
in C:\Users\renph\git\PayRoll\PayRoll\Regression.xml
at java.base/java.util.ArrayList.forEach(ArrayList.java:1511)
... Removed 28 stack frames]]>
    </failure>
  </testcase> <!-- @BeforeMethod first -->
  <testcase classname="com.payroll.BaseClass.BaseClass" name="@AfterMethod close" time="0.0">
    <skipped/>
  </testcase> <!-- @AfterMethod close -->
  <testcase classname="com.payroll.BaseClass.BaseClass" name="@BeforeMethod first" time="-1.659121441089E9">
    <failure type="org.testng.TestNGException" message="
Parameter &amp;apos;browser&amp;apos; is required by BeforeMethod on method first but has not been marked @Optional or defined
in C:\Users\renph\git\PayRoll\PayRoll\Regression.xml">
      <![CDATA[org.testng.TestNGException: 
Parameter 'browser' is required by BeforeMethod on method first but has not been marked @Optional or defined
in C:\Users\renph\git\PayRoll\PayRoll\Regression.xml
at java.base/java.util.ArrayList.forEach(ArrayList.java:1511)
... Removed 28 stack frames]]>
    </failure>
  </testcase> <!-- @BeforeMethod first -->
  <testcase classname="com.payroll.BaseClass.BaseClass" name="@AfterMethod close" time="0.0">
    <skipped/>
  </testcase> <!-- @AfterMethod close -->
  <testcase classname="com.payroll.BaseClass.BaseClass" name="@BeforeMethod first" time="0.0">
    <skipped/>
  </testcase> <!-- @BeforeMethod first -->
  <testcase classname="com.payroll.BaseClass.BaseClass" name="@AfterMethod close" time="0.0">
    <skipped/>
  </testcase> <!-- @AfterMethod close -->
  <testcase classname="com.payroll.BaseClass.BaseClass" name="@BeforeMethod first" time="-1.6591214411E9">
    <failure type="org.testng.TestNGException" message="
Parameter &amp;apos;browser&amp;apos; is required by BeforeMethod on method first but has not been marked @Optional or defined
in C:\Users\renph\git\PayRoll\PayRoll\Regression.xml">
      <![CDATA[org.testng.TestNGException: 
Parameter 'browser' is required by BeforeMethod on method first but has not been marked @Optional or defined
in C:\Users\renph\git\PayRoll\PayRoll\Regression.xml
at java.base/java.util.ArrayList.forEach(ArrayList.java:1511)
... Removed 28 stack frames]]>
    </failure>
  </testcase> <!-- @BeforeMethod first -->
  <testcase classname="com.payroll.BaseClass.BaseClass" name="@AfterMethod close" time="0.0">
    <skipped/>
  </testcase> <!-- @AfterMethod close -->
  <testcase classname="TestCases.CreateWorkerTest" name="createWorkerAllFields" time="0.0">
    <skipped/>
  </testcase> <!-- createWorkerAllFields -->
  <testcase classname="TestCases.CreateWorkerTest" name="createWorkerMandatoryFields" time="0.0">
    <skipped/>
  </testcase> <!-- createWorkerMandatoryFields -->
  <testcase classname="TestCases.WorkerTest" name="isSearchFilterWorking" time="0.0">
    <skipped/>
  </testcase> <!-- isSearchFilterWorking -->
  <testcase classname="TestCases.DeductionTest" name="viewDeductionDetails" time="0.0">
    <skipped/>
  </testcase> <!-- viewDeductionDetails -->
  <testcase classname="TestCases.AddDeductionTest" name="enterDeductionAllFields" time="0.0">
    <skipped/>
  </testcase> <!-- enterDeductionAllFields -->
  <testcase classname="TestCases.AddDeductionTest" name="checkMandatoryFieldAlert" time="0.0">
    <skipped/>
  </testcase> <!-- checkMandatoryFieldAlert -->
  <testcase classname="TestCases.BankDetailTest" name="bankMandatoryFields" time="0.0">
    <skipped/>
  </testcase> <!-- bankMandatoryFields -->
  <testcase classname="TestCases.CreateWorkerTest" name="createWorkerMandatoryAlert" time="0.0">
    <ignored/>
  </testcase> <!-- createWorkerMandatoryAlert -->
  <testcase classname="com.payroll.BaseClass.BaseClass" name="@BeforeSuite loadConfig" time="0.0">
    <ignored/>
  </testcase> <!-- @BeforeSuite loadConfig -->
  <testcase classname="com.payroll.BaseClass.BaseClass" name="@AfterSuite End" time="0.0">
    <ignored/>
  </testcase> <!-- @AfterSuite End -->
  <testcase classname="com.payroll.BaseClass.BaseClass" name="@BeforeSuite loadConfig" time="0.0">
    <ignored/>
  </testcase> <!-- @BeforeSuite loadConfig -->
  <testcase classname="TestCases.WorkerTest" name="isViewFunctionWorking" time="0.0">
    <ignored/>
  </testcase> <!-- isViewFunctionWorking -->
  <testcase classname="TestCases.WorkerTest" name="isEditFunctionWorking" time="0.0">
    <ignored/>
  </testcase> <!-- isEditFunctionWorking -->
  <testcase classname="com.payroll.BaseClass.BaseClass" name="@AfterSuite End" time="0.0">
    <ignored/>
  </testcase> <!-- @AfterSuite End -->
  <testcase classname="com.payroll.BaseClass.BaseClass" name="@BeforeSuite loadConfig" time="0.0">
    <ignored/>
  </testcase> <!-- @BeforeSuite loadConfig -->
  <testcase classname="TestCases.DeductionTest" name="editDeductionDetails" time="0.0">
    <ignored/>
  </testcase> <!-- editDeductionDetails -->
  <testcase classname="TestCases.BankDetailTest" name="bankAllFields" time="0.0">
    <ignored/>
  </testcase> <!-- bankAllFields -->
  <testcase classname="com.payroll.BaseClass.BaseClass" name="@AfterSuite End" time="0.0">
    <ignored/>
  </testcase> <!-- @AfterSuite End -->
  <testcase classname="com.payroll.BaseClass.BaseClass" name="@AfterSuite End" time="0.0">
    <ignored/>
  </testcase> <!-- @AfterSuite End -->
  <testcase classname="TestCases.BankDetailTest" name="bankMandatoryAlert" time="0.0">
    <ignored/>
  </testcase> <!-- bankMandatoryAlert -->
  <testcase classname="com.payroll.BaseClass.BaseClass" name="@BeforeSuite loadConfig" time="0.0">
    <ignored/>
  </testcase> <!-- @BeforeSuite loadConfig -->
</testsuite> <!-- Test -->
