<?xml version="1.0" encoding="UTF-8"?>
<!-- Generated by org.testng.reporters.JUnitXMLReporter -->
<testsuite ignored="2" hostname="LAPTOP-LP00NI2V" failures="3" tests="11" name="Test" time="60.24" errors="0" timestamp="2022-07-20T22:24:41 IST">
  <testcase classname="TestCases.LoginTest" name="validLogin" time="3.556"/>
  <testcase classname="TestCases.LoginTest" name="accessPassLink" time="0.779"/>
  <testcase classname="TestCases.LoginTest" name="accessEmailField" time="0.849"/>
  <testcase classname="TestCases.LoginTest" name="invalidEmail" time="1.011">
    <failure type="java.lang.AssertionError" message="expected [Email is not a valid email address.] but found []">
      <![CDATA[java.lang.AssertionError: expected [Email is not a valid email address.] but found []
at TestCases.LoginTest.invalidEmail(LoginTest.java:97)
at java.base/java.util.ArrayList.forEach(ArrayList.java:1511)
... Removed 37 stack frames]]>
    </failure>
  </testcase> <!-- invalidEmail -->
  <testcase classname="TestCases.LoginTest" name="blankEmail" time="1.037">
    <failure type="java.lang.AssertionError" message="expected [Email cannot be blank.] but found []">
      <![CDATA[java.lang.AssertionError: expected [Email cannot be blank.] but found []
at TestCases.LoginTest.blankEmail(LoginTest.java:110)
at java.base/java.util.ArrayList.forEach(ArrayList.java:1511)
... Removed 37 stack frames]]>
    </failure>
  </testcase> <!-- blankEmail -->
  <testcase classname="TestCases.LoginTest" name="invalidEmail1" time="0.968">
    <failure type="java.lang.AssertionError" message="expected [There is no user with this email address.] but found []">
      <![CDATA[java.lang.AssertionError: expected [There is no user with this email address.] but found []
at TestCases.LoginTest.invalidEmail1(LoginTest.java:123)
at java.base/java.util.ArrayList.forEach(ArrayList.java:1511)
... Removed 37 stack frames]]>
    </failure>
  </testcase> <!-- invalidEmail1 -->
  <testcase classname="TestCases.LoginTest" name="cancelButton" time="1.248"/>
  <testcase classname="TestCases.LoginTest" name="rememberme" time="0.113"/>
  <testcase classname="TestCases.InvalidLoginTest" name="invalidCredentials" time="1.043"/>
  <testcase classname="TestCases.InvalidLoginTest" name="blankUsername" time="0.951"/>
  <testcase classname="TestCases.InvalidLoginTest" name="blankPassword" time="0.907"/>
  <testcase classname="com.payroll.BaseClass.BaseClass" name="@AfterSuite End" time="0.0">
    <ignored/>
  </testcase> <!-- @AfterSuite End -->
  <testcase classname="com.payroll.BaseClass.BaseClass" name="@BeforeSuite loadConfig" time="0.0">
    <ignored/>
  </testcase> <!-- @BeforeSuite loadConfig -->
</testsuite> <!-- Test -->
