<?xml version="1.0" encoding="UTF-8"?>
<testng-results skipped="0" failed="3" ignored="2" total="13" passed="8">
  <reporter-output>
  </reporter-output>
  <suite name="Suite" duration-ms="76331" started-at="2022-07-23T21:31:40 IST" finished-at="2022-07-23T21:32:56 IST">
    <groups>
    </groups>
    <test name="Test" duration-ms="76331" started-at="2022-07-23T21:31:40 IST" finished-at="2022-07-23T21:32:56 IST">
      <class name="TestCases.InvalidLoginTest">
        <test-method status="PASS" signature="start()[pri:0, instance:TestCases.InvalidLoginTest@e720b71]" name="start" is-config="true" duration-ms="4381" started-at="2022-07-23T21:32:39 IST" finished-at="2022-07-23T21:32:43 IST">
          <reporter-output>
          </reporter-output>
        </test-method> <!-- start -->
        <test-method status="PASS" signature="invalidCredentials(java.lang.String,java.lang.String)[pri:1, instance:TestCases.InvalidLoginTest@e720b71]" name="invalidCredentials" duration-ms="1170" started-at="2022-07-23T21:32:43 IST" data-provider="getData" finished-at="2022-07-23T21:32:44 IST">
          <params>
            <param index="0">
              <value>
                <![CDATA[admin]]>
              </value>
            </param>
            <param index="1">
              <value>
                <![CDATA[123456]]>
              </value>
            </param>
          </params>
          <reporter-output>
          </reporter-output>
        </test-method> <!-- invalidCredentials -->
        <test-method status="PASS" signature="close()[pri:0, instance:TestCases.InvalidLoginTest@e720b71]" name="close" is-config="true" duration-ms="48" started-at="2022-07-23T21:32:44 IST" finished-at="2022-07-23T21:32:44 IST">
          <reporter-output>
          </reporter-output>
        </test-method> <!-- close -->
        <test-method status="PASS" signature="start()[pri:0, instance:TestCases.InvalidLoginTest@e720b71]" name="start" is-config="true" duration-ms="4613" started-at="2022-07-23T21:32:44 IST" finished-at="2022-07-23T21:32:49 IST">
          <reporter-output>
          </reporter-output>
        </test-method> <!-- start -->
        <test-method status="PASS" signature="blankUsername(java.lang.String,java.lang.String)[pri:2, instance:TestCases.InvalidLoginTest@e720b71]" name="blankUsername" duration-ms="989" started-at="2022-07-23T21:32:49 IST" finished-at="2022-07-23T21:32:50 IST">
          <params>
            <param index="0">
              <value>
                <![CDATA[   ]]>
              </value>
            </param>
            <param index="1">
              <value>
                <![CDATA[Selenium@123]]>
              </value>
            </param>
          </params>
          <reporter-output>
          </reporter-output>
        </test-method> <!-- blankUsername -->
        <test-method status="PASS" signature="close()[pri:0, instance:TestCases.InvalidLoginTest@e720b71]" name="close" is-config="true" duration-ms="74" started-at="2022-07-23T21:32:50 IST" finished-at="2022-07-23T21:32:50 IST">
          <reporter-output>
          </reporter-output>
        </test-method> <!-- close -->
        <test-method status="PASS" signature="start()[pri:0, instance:TestCases.InvalidLoginTest@e720b71]" name="start" is-config="true" duration-ms="4685" started-at="2022-07-23T21:32:50 IST" finished-at="2022-07-23T21:32:55 IST">
          <reporter-output>
          </reporter-output>
        </test-method> <!-- start -->
        <test-method status="PASS" signature="blankPassword(java.lang.String,java.lang.String)[pri:3, instance:TestCases.InvalidLoginTest@e720b71]" name="blankPassword" duration-ms="1254" started-at="2022-07-23T21:32:55 IST" finished-at="2022-07-23T21:32:56 IST">
          <params>
            <param index="0">
              <value>
                <![CDATA[carol]]>
              </value>
            </param>
            <param index="1">
              <value>
                <![CDATA[     ]]>
              </value>
            </param>
          </params>
          <reporter-output>
          </reporter-output>
        </test-method> <!-- blankPassword -->
        <test-method status="PASS" signature="close()[pri:0, instance:TestCases.InvalidLoginTest@e720b71]" name="close" is-config="true" duration-ms="69" started-at="2022-07-23T21:32:56 IST" finished-at="2022-07-23T21:32:56 IST">
          <reporter-output>
          </reporter-output>
        </test-method> <!-- close -->
      </class> <!-- TestCases.InvalidLoginTest -->
      <class name="TestCases.LoginTest">
        <test-method status="PASS" signature="loadConfig()[pri:0, instance:TestCases.LoginTest@6121c9d6]" name="loadConfig" is-config="true" duration-ms="222" started-at="2022-07-23T21:31:39 IST" finished-at="2022-07-23T21:31:40 IST">
          <reporter-output>
          </reporter-output>
        </test-method> <!-- loadConfig -->
        <test-method status="PASS" signature="start()[pri:0, instance:TestCases.LoginTest@6121c9d6]" name="start" is-config="true" duration-ms="8448" started-at="2022-07-23T21:31:40 IST" finished-at="2022-07-23T21:31:48 IST">
          <reporter-output>
          </reporter-output>
        </test-method> <!-- start -->
        <test-method status="PASS" signature="validLogin()[pri:1, instance:TestCases.LoginTest@6121c9d6]" name="validLogin" duration-ms="4137" started-at="2022-07-23T21:31:48 IST" finished-at="2022-07-23T21:31:52 IST">
          <reporter-output>
          </reporter-output>
        </test-method> <!-- validLogin -->
        <test-method status="PASS" signature="close()[pri:0, instance:TestCases.LoginTest@6121c9d6]" name="close" is-config="true" duration-ms="125" started-at="2022-07-23T21:31:52 IST" finished-at="2022-07-23T21:31:52 IST">
          <reporter-output>
          </reporter-output>
        </test-method> <!-- close -->
        <test-method status="PASS" signature="start()[pri:0, instance:TestCases.LoginTest@6121c9d6]" name="start" is-config="true" duration-ms="5107" started-at="2022-07-23T21:31:52 IST" finished-at="2022-07-23T21:31:57 IST">
          <reporter-output>
          </reporter-output>
        </test-method> <!-- start -->
        <test-method status="PASS" signature="accessPassLink()[pri:2, instance:TestCases.LoginTest@6121c9d6]" name="accessPassLink" duration-ms="1033" started-at="2022-07-23T21:31:57 IST" finished-at="2022-07-23T21:31:58 IST">
          <reporter-output>
          </reporter-output>
        </test-method> <!-- accessPassLink -->
        <test-method status="PASS" signature="close()[pri:0, instance:TestCases.LoginTest@6121c9d6]" name="close" is-config="true" duration-ms="58" started-at="2022-07-23T21:31:58 IST" finished-at="2022-07-23T21:31:58 IST">
          <reporter-output>
          </reporter-output>
        </test-method> <!-- close -->
        <test-method status="PASS" signature="start()[pri:0, instance:TestCases.LoginTest@6121c9d6]" name="start" is-config="true" duration-ms="7923" started-at="2022-07-23T21:31:58 IST" finished-at="2022-07-23T21:32:06 IST">
          <reporter-output>
          </reporter-output>
        </test-method> <!-- start -->
        <test-method status="PASS" signature="accessEmailField()[pri:3, instance:TestCases.LoginTest@6121c9d6]" name="accessEmailField" duration-ms="1053" started-at="2022-07-23T21:32:06 IST" finished-at="2022-07-23T21:32:07 IST">
          <reporter-output>
          </reporter-output>
        </test-method> <!-- accessEmailField -->
        <test-method status="PASS" signature="close()[pri:0, instance:TestCases.LoginTest@6121c9d6]" name="close" is-config="true" duration-ms="59" started-at="2022-07-23T21:32:07 IST" finished-at="2022-07-23T21:32:08 IST">
          <reporter-output>
          </reporter-output>
        </test-method> <!-- close -->
        <test-method status="PASS" signature="start()[pri:0, instance:TestCases.LoginTest@6121c9d6]" name="start" is-config="true" duration-ms="6066" started-at="2022-07-23T21:32:08 IST" finished-at="2022-07-23T21:32:14 IST">
          <reporter-output>
          </reporter-output>
        </test-method> <!-- start -->
        <test-method status="FAIL" signature="invalidEmail()[pri:4, instance:TestCases.LoginTest@6121c9d6]" name="invalidEmail" duration-ms="1175" started-at="2022-07-23T21:32:14 IST" finished-at="2022-07-23T21:32:15 IST">
          <exception class="java.lang.AssertionError">
            <message>
              <![CDATA[expected [Email is not a valid email address.] but found []]]>
            </message>
            <full-stacktrace>
              <![CDATA[java.lang.AssertionError: expected [Email is not a valid email address.] but found []
at org.testng.Assert.fail(Assert.java:110)
at org.testng.Assert.failNotEquals(Assert.java:1413)
at org.testng.Assert.assertEqualsImpl(Assert.java:149)
at org.testng.Assert.assertEquals(Assert.java:131)
at org.testng.Assert.assertEquals(Assert.java:655)
at org.testng.Assert.assertEquals(Assert.java:665)
at TestCases.LoginTest.invalidEmail(LoginTest.java:97)
at sun.reflect.NativeMethodAccessorImpl.invoke0(Native Method)
at sun.reflect.NativeMethodAccessorImpl.invoke(NativeMethodAccessorImpl.java:62)
at sun.reflect.DelegatingMethodAccessorImpl.invoke(DelegatingMethodAccessorImpl.java:43)
at java.lang.reflect.Method.invoke(Method.java:498)
at org.testng.internal.invokers.MethodInvocationHelper.invokeMethod(MethodInvocationHelper.java:135)
at org.testng.internal.invokers.TestInvoker.invokeMethod(TestInvoker.java:673)
at org.testng.internal.invokers.TestInvoker.invokeTestMethod(TestInvoker.java:220)
at org.testng.internal.invokers.MethodRunner.runInSequence(MethodRunner.java:50)
at org.testng.internal.invokers.TestInvoker$MethodInvocationAgent.invoke(TestInvoker.java:945)
at org.testng.internal.invokers.TestInvoker.invokeTestMethods(TestInvoker.java:193)
at org.testng.internal.invokers.TestMethodWorker.invokeTestMethods(TestMethodWorker.java:146)
at org.testng.internal.invokers.TestMethodWorker.run(TestMethodWorker.java:128)
at java.util.ArrayList.forEach(ArrayList.java:1257)
at org.testng.TestRunner.privateRun(TestRunner.java:808)
at org.testng.TestRunner.run(TestRunner.java:603)
at org.testng.SuiteRunner.runTest(SuiteRunner.java:429)
at org.testng.SuiteRunner.runSequentially(SuiteRunner.java:423)
at org.testng.SuiteRunner.privateRun(SuiteRunner.java:383)
at org.testng.SuiteRunner.run(SuiteRunner.java:326)
at org.testng.SuiteRunnerWorker.runSuite(SuiteRunnerWorker.java:52)
at org.testng.SuiteRunnerWorker.run(SuiteRunnerWorker.java:95)
at org.testng.TestNG.runSuitesSequentially(TestNG.java:1249)
at org.testng.TestNG.runSuitesLocally(TestNG.java:1169)
at org.testng.TestNG.runSuites(TestNG.java:1092)
at org.testng.TestNG.run(TestNG.java:1060)
at org.apache.maven.surefire.testng.TestNGExecutor.run(TestNGExecutor.java:283)
at org.apache.maven.surefire.testng.TestNGXmlTestSuite.execute(TestNGXmlTestSuite.java:75)
at org.apache.maven.surefire.testng.TestNGProvider.invoke(TestNGProvider.java:120)
at org.apache.maven.surefire.booter.ForkedBooter.runSuitesInProcess(ForkedBooter.java:377)
at org.apache.maven.surefire.booter.ForkedBooter.execute(ForkedBooter.java:138)
at org.apache.maven.surefire.booter.ForkedBooter.run(ForkedBooter.java:465)
at org.apache.maven.surefire.booter.ForkedBooter.main(ForkedBooter.java:451)
]]>
            </full-stacktrace>
          </exception> <!-- java.lang.AssertionError -->
          <reporter-output>
          </reporter-output>
        </test-method> <!-- invalidEmail -->
        <test-method status="PASS" signature="close()[pri:0, instance:TestCases.LoginTest@6121c9d6]" name="close" is-config="true" duration-ms="64" started-at="2022-07-23T21:32:15 IST" finished-at="2022-07-23T21:32:15 IST">
          <reporter-output>
          </reporter-output>
        </test-method> <!-- close -->
        <test-method status="PASS" signature="start()[pri:0, instance:TestCases.LoginTest@6121c9d6]" name="start" is-config="true" duration-ms="4534" started-at="2022-07-23T21:32:15 IST" finished-at="2022-07-23T21:32:19 IST">
          <reporter-output>
          </reporter-output>
        </test-method> <!-- start -->
        <test-method status="FAIL" signature="blankEmail()[pri:5, instance:TestCases.LoginTest@6121c9d6]" name="blankEmail" duration-ms="1328" started-at="2022-07-23T21:32:19 IST" finished-at="2022-07-23T21:32:21 IST">
          <exception class="java.lang.AssertionError">
            <message>
              <![CDATA[expected [Email cannot be blank.] but found []]]>
            </message>
            <full-stacktrace>
              <![CDATA[java.lang.AssertionError: expected [Email cannot be blank.] but found []
at org.testng.Assert.fail(Assert.java:110)
at org.testng.Assert.failNotEquals(Assert.java:1413)
at org.testng.Assert.assertEqualsImpl(Assert.java:149)
at org.testng.Assert.assertEquals(Assert.java:131)
at org.testng.Assert.assertEquals(Assert.java:655)
at org.testng.Assert.assertEquals(Assert.java:665)
at TestCases.LoginTest.blankEmail(LoginTest.java:110)
at sun.reflect.NativeMethodAccessorImpl.invoke0(Native Method)
at sun.reflect.NativeMethodAccessorImpl.invoke(NativeMethodAccessorImpl.java:62)
at sun.reflect.DelegatingMethodAccessorImpl.invoke(DelegatingMethodAccessorImpl.java:43)
at java.lang.reflect.Method.invoke(Method.java:498)
at org.testng.internal.invokers.MethodInvocationHelper.invokeMethod(MethodInvocationHelper.java:135)
at org.testng.internal.invokers.TestInvoker.invokeMethod(TestInvoker.java:673)
at org.testng.internal.invokers.TestInvoker.invokeTestMethod(TestInvoker.java:220)
at org.testng.internal.invokers.MethodRunner.runInSequence(MethodRunner.java:50)
at org.testng.internal.invokers.TestInvoker$MethodInvocationAgent.invoke(TestInvoker.java:945)
at org.testng.internal.invokers.TestInvoker.invokeTestMethods(TestInvoker.java:193)
at org.testng.internal.invokers.TestMethodWorker.invokeTestMethods(TestMethodWorker.java:146)
at org.testng.internal.invokers.TestMethodWorker.run(TestMethodWorker.java:128)
at java.util.ArrayList.forEach(ArrayList.java:1257)
at org.testng.TestRunner.privateRun(TestRunner.java:808)
at org.testng.TestRunner.run(TestRunner.java:603)
at org.testng.SuiteRunner.runTest(SuiteRunner.java:429)
at org.testng.SuiteRunner.runSequentially(SuiteRunner.java:423)
at org.testng.SuiteRunner.privateRun(SuiteRunner.java:383)
at org.testng.SuiteRunner.run(SuiteRunner.java:326)
at org.testng.SuiteRunnerWorker.runSuite(SuiteRunnerWorker.java:52)
at org.testng.SuiteRunnerWorker.run(SuiteRunnerWorker.java:95)
at org.testng.TestNG.runSuitesSequentially(TestNG.java:1249)
at org.testng.TestNG.runSuitesLocally(TestNG.java:1169)
at org.testng.TestNG.runSuites(TestNG.java:1092)
at org.testng.TestNG.run(TestNG.java:1060)
at org.apache.maven.surefire.testng.TestNGExecutor.run(TestNGExecutor.java:283)
at org.apache.maven.surefire.testng.TestNGXmlTestSuite.execute(TestNGXmlTestSuite.java:75)
at org.apache.maven.surefire.testng.TestNGProvider.invoke(TestNGProvider.java:120)
at org.apache.maven.surefire.booter.ForkedBooter.runSuitesInProcess(ForkedBooter.java:377)
at org.apache.maven.surefire.booter.ForkedBooter.execute(ForkedBooter.java:138)
at org.apache.maven.surefire.booter.ForkedBooter.run(ForkedBooter.java:465)
at org.apache.maven.surefire.booter.ForkedBooter.main(ForkedBooter.java:451)
]]>
            </full-stacktrace>
          </exception> <!-- java.lang.AssertionError -->
          <reporter-output>
          </reporter-output>
        </test-method> <!-- blankEmail -->
        <test-method status="PASS" signature="close()[pri:0, instance:TestCases.LoginTest@6121c9d6]" name="close" is-config="true" duration-ms="118" started-at="2022-07-23T21:32:21 IST" finished-at="2022-07-23T21:32:21 IST">
          <reporter-output>
          </reporter-output>
        </test-method> <!-- close -->
        <test-method status="PASS" signature="start()[pri:0, instance:TestCases.LoginTest@6121c9d6]" name="start" is-config="true" duration-ms="4721" started-at="2022-07-23T21:32:21 IST" finished-at="2022-07-23T21:32:26 IST">
          <reporter-output>
          </reporter-output>
        </test-method> <!-- start -->
        <test-method status="FAIL" signature="invalidEmail1()[pri:6, instance:TestCases.LoginTest@6121c9d6]" name="invalidEmail1" duration-ms="1233" started-at="2022-07-23T21:32:26 IST" finished-at="2022-07-23T21:32:27 IST">
          <exception class="java.lang.AssertionError">
            <message>
              <![CDATA[expected [There is no user with this email address.] but found []]]>
            </message>
            <full-stacktrace>
              <![CDATA[java.lang.AssertionError: expected [There is no user with this email address.] but found []
at org.testng.Assert.fail(Assert.java:110)
at org.testng.Assert.failNotEquals(Assert.java:1413)
at org.testng.Assert.assertEqualsImpl(Assert.java:149)
at org.testng.Assert.assertEquals(Assert.java:131)
at org.testng.Assert.assertEquals(Assert.java:655)
at org.testng.Assert.assertEquals(Assert.java:665)
at TestCases.LoginTest.invalidEmail1(LoginTest.java:123)
at sun.reflect.NativeMethodAccessorImpl.invoke0(Native Method)
at sun.reflect.NativeMethodAccessorImpl.invoke(NativeMethodAccessorImpl.java:62)
at sun.reflect.DelegatingMethodAccessorImpl.invoke(DelegatingMethodAccessorImpl.java:43)
at java.lang.reflect.Method.invoke(Method.java:498)
at org.testng.internal.invokers.MethodInvocationHelper.invokeMethod(MethodInvocationHelper.java:135)
at org.testng.internal.invokers.TestInvoker.invokeMethod(TestInvoker.java:673)
at org.testng.internal.invokers.TestInvoker.invokeTestMethod(TestInvoker.java:220)
at org.testng.internal.invokers.MethodRunner.runInSequence(MethodRunner.java:50)
at org.testng.internal.invokers.TestInvoker$MethodInvocationAgent.invoke(TestInvoker.java:945)
at org.testng.internal.invokers.TestInvoker.invokeTestMethods(TestInvoker.java:193)
at org.testng.internal.invokers.TestMethodWorker.invokeTestMethods(TestMethodWorker.java:146)
at org.testng.internal.invokers.TestMethodWorker.run(TestMethodWorker.java:128)
at java.util.ArrayList.forEach(ArrayList.java:1257)
at org.testng.TestRunner.privateRun(TestRunner.java:808)
at org.testng.TestRunner.run(TestRunner.java:603)
at org.testng.SuiteRunner.runTest(SuiteRunner.java:429)
at org.testng.SuiteRunner.runSequentially(SuiteRunner.java:423)
at org.testng.SuiteRunner.privateRun(SuiteRunner.java:383)
at org.testng.SuiteRunner.run(SuiteRunner.java:326)
at org.testng.SuiteRunnerWorker.runSuite(SuiteRunnerWorker.java:52)
at org.testng.SuiteRunnerWorker.run(SuiteRunnerWorker.java:95)
at org.testng.TestNG.runSuitesSequentially(TestNG.java:1249)
at org.testng.TestNG.runSuitesLocally(TestNG.java:1169)
at org.testng.TestNG.runSuites(TestNG.java:1092)
at org.testng.TestNG.run(TestNG.java:1060)
at org.apache.maven.surefire.testng.TestNGExecutor.run(TestNGExecutor.java:283)
at org.apache.maven.surefire.testng.TestNGXmlTestSuite.execute(TestNGXmlTestSuite.java:75)
at org.apache.maven.surefire.testng.TestNGProvider.invoke(TestNGProvider.java:120)
at org.apache.maven.surefire.booter.ForkedBooter.runSuitesInProcess(ForkedBooter.java:377)
at org.apache.maven.surefire.booter.ForkedBooter.execute(ForkedBooter.java:138)
at org.apache.maven.surefire.booter.ForkedBooter.run(ForkedBooter.java:465)
at org.apache.maven.surefire.booter.ForkedBooter.main(ForkedBooter.java:451)
]]>
            </full-stacktrace>
          </exception> <!-- java.lang.AssertionError -->
          <reporter-output>
          </reporter-output>
        </test-method> <!-- invalidEmail1 -->
        <test-method status="PASS" signature="close()[pri:0, instance:TestCases.LoginTest@6121c9d6]" name="close" is-config="true" duration-ms="84" started-at="2022-07-23T21:32:27 IST" finished-at="2022-07-23T21:32:27 IST">
          <reporter-output>
          </reporter-output>
        </test-method> <!-- close -->
        <test-method status="PASS" signature="start()[pri:0, instance:TestCases.LoginTest@6121c9d6]" name="start" is-config="true" duration-ms="4667" started-at="2022-07-23T21:32:27 IST" finished-at="2022-07-23T21:32:32 IST">
          <reporter-output>
          </reporter-output>
        </test-method> <!-- start -->
        <test-method status="PASS" signature="cancelButton()[pri:7, instance:TestCases.LoginTest@6121c9d6]" name="cancelButton" duration-ms="1500" started-at="2022-07-23T21:32:32 IST" finished-at="2022-07-23T21:32:33 IST">
          <reporter-output>
          </reporter-output>
        </test-method> <!-- cancelButton -->
        <test-method status="PASS" signature="close()[pri:0, instance:TestCases.LoginTest@6121c9d6]" name="close" is-config="true" duration-ms="55" started-at="2022-07-23T21:32:33 IST" finished-at="2022-07-23T21:32:33 IST">
          <reporter-output>
          </reporter-output>
        </test-method> <!-- close -->
        <test-method status="PASS" signature="start()[pri:0, instance:TestCases.LoginTest@6121c9d6]" name="start" is-config="true" duration-ms="5310" started-at="2022-07-23T21:32:33 IST" finished-at="2022-07-23T21:32:38 IST">
          <reporter-output>
          </reporter-output>
        </test-method> <!-- start -->
        <test-method status="PASS" signature="rememberme()[pri:8, instance:TestCases.LoginTest@6121c9d6]" name="rememberme" duration-ms="104" started-at="2022-07-23T21:32:38 IST" finished-at="2022-07-23T21:32:38 IST">
          <reporter-output>
          </reporter-output>
        </test-method> <!-- rememberme -->
        <test-method status="PASS" signature="close()[pri:0, instance:TestCases.LoginTest@6121c9d6]" name="close" is-config="true" duration-ms="70" started-at="2022-07-23T21:32:38 IST" finished-at="2022-07-23T21:32:39 IST">
          <reporter-output>
          </reporter-output>
        </test-method> <!-- close -->
        <test-method status="PASS" signature="End()[pri:0, instance:TestCases.LoginTest@6121c9d6]" name="End" is-config="true" duration-ms="378" started-at="2022-07-23T21:32:56 IST" finished-at="2022-07-23T21:32:56 IST">
          <reporter-output>
          </reporter-output>
        </test-method> <!-- End -->
      </class> <!-- TestCases.LoginTest -->
    </test> <!-- Test -->
  </suite> <!-- Suite -->
</testng-results>
